<?xml version="1.0" encoding="UTF-8"?>
<!-- Generated by org.testng.reporters.JUnitReportReporter -->
<testsuite hostname="INCBEWRK087" failures="0" tests="4" name="testNG.GroupingExample" time="0.014" errors="0" timestamp="2024-05-16T17:55:22 IST" skipped="0">
  <testcase classname="testNG.GroupingExample" name="moto1" time="0.004"/>
  <system-out/>
  <testcase classname="testNG.GroupingExample" name="moto2" time="0.000"/>
  <system-out/>
  <testcase classname="testNG.GroupingExample" name="lenovo1" time="0.007"/>
  <system-out/>
  <testcase classname="testNG.GroupingExample" name="lenovo2" time="0.003"/>
  <system-out/>
</testsuite> <!-- testNG.GroupingExample -->
