<?xml version="1.0" encoding="UTF-8"?>
<!-- Generated by org.testng.reporters.JUnitReportReporter -->
<testsuite hostname="INCBEWRK087" failures="0" tests="3" name="selenium.TestMultipleTimes" time="0.015" errors="0" timestamp="2024-05-21T10:55:14 IST" skipped="0">
  <testcase classname="selenium.TestMultipleTimes" name="test" time="0.001"/>
  <system-out/>
  <testcase classname="selenium.TestMultipleTimes" name="test" time="0.012"/>
  <system-out/>
  <testcase classname="selenium.TestMultipleTimes" name="test" time="0.002"/>
  <system-out/>
</testsuite> <!-- selenium.TestMultipleTimes -->
