<?xml version="1.0" encoding="UTF-8"?>
<!-- Generated by org.testng.reporters.JUnitReportReporter -->
<testsuite hostname="INCBEWRK087" failures="0" tests="1" name="testNG.ParameterizationExample" time="0.007" errors="0" timestamp="2024-05-16T18:08:08 IST" skipped="0">
  <testcase classname="testNG.ParameterizationExample" name="printName" time="0.007"/>
  <system-out/>
</testsuite> <!-- testNG.ParameterizationExample -->
