<?xml version="1.0" encoding="UTF-8"?>
<!-- Generated by org.testng.reporters.JUnitReportReporter -->
<testsuite hostname="INCBEWRK087" failures="0" tests="3" name="testNg.SuiteExample" time="4.968" errors="0" timestamp="2024-05-16T17:01:10 IST" skipped="0">
  <testcase classname="testNg.SuiteExample" name="openGoogle" time="2.906"/>
  <system-out/>
  <testcase classname="testNg.SuiteExample" name="openYahoo" time="1.322"/>
  <system-out/>
  <testcase classname="testNg.SuiteExample" name="openBing" time="0.740"/>
  <system-out/>
</testsuite> <!-- testNg.SuiteExample -->
