<?xml version="1.0" encoding="UTF-8"?>
<!-- Generated by org.testng.reporters.JUnitReportReporter -->
<testsuite hostname="INCBEWRK087" failures="0" tests="1" name="testNG.SampleTestCase" time="0.008" errors="0" timestamp="2024-05-17T14:54:25 IST" skipped="0">
  <testcase classname="testNG.SampleTestCase" name="firstTestCase" time="0.008"/>
  <system-out/>
</testsuite> <!-- testNG.SampleTestCase -->
