<?xml version="1.0" encoding="UTF-8"?>
<!-- Generated by org.testng.reporters.JUnitReportReporter -->
<testsuite hostname="INCBEWRK087" failures="0" tests="1" name="demoProject.BothInCorrect" time="5.245" errors="0" timestamp="2024-05-17T15:04:37 IST" skipped="0">
  <testcase classname="demoProject.BothInCorrect" name="loginWithBothCorrect" time="5.245"/>
  <system-out/>
</testsuite> <!-- demoProject.BothInCorrect -->
