<?xml version="1.0" encoding="UTF-8"?>
<!-- Generated by org.testng.reporters.JUnitReportReporter -->
<testsuite hostname="INCBEWRK087" failures="0" tests="5" name="testNG.DriveACar" time="0.010" errors="0" timestamp="2024-05-16T17:25:16 IST" skipped="0">
  <testcase classname="testNG.DriveACar" name="startTheCar" time="0.002"/>
  <system-out/>
  <testcase classname="testNG.DriveACar" name="putFirstGear" time="0.002"/>
  <system-out/>
  <testcase classname="testNG.DriveACar" name="putSecondGear" time="0.003"/>
  <system-out/>
  <testcase classname="testNG.DriveACar" name="putThirdGear" time="0.002"/>
  <system-out/>
  <testcase classname="testNG.DriveACar" name="putFourthGear" time="0.001"/>
  <system-out/>
</testsuite> <!-- testNG.DriveACar -->
