<?xml version="1.0" encoding="UTF-8"?>
<!-- Generated by org.testng.reporters.JUnitReportReporter -->
<testsuite hostname="INCBEWRK087" failures="0" tests="1" name="dataDriven.BothCorrect" time="2.457" errors="0" timestamp="2024-05-17T15:52:31 IST" skipped="0">
  <testcase classname="dataDriven.BothCorrect" name="loginWithBothCorrect" time="2.457"/>
  <system-out/>
</testsuite> <!-- dataDriven.BothCorrect -->
