<?xml version="1.0" encoding="UTF-8"?>
<!-- Generated by org.testng.reporters.JUnitReportReporter -->
<testsuite hostname="INCBEWRK087" failures="0" tests="1" name="demoProject.CorrectUserName" time="2.391" errors="0" timestamp="2024-05-17T15:04:37 IST" skipped="0">
  <testcase classname="demoProject.CorrectUserName" name="loginWithCorrectUserName" time="2.391"/>
  <system-out/>
</testsuite> <!-- demoProject.CorrectUserName -->
