<?xml version="1.0" encoding="UTF-8"?>
<!-- Generated by org.testng.reporters.JUnitReportReporter -->
<testsuite hostname="INCBEWRK087" failures="0" tests="3" name="testNG.ParallelTesting" time="5.370" errors="0" timestamp="2024-05-16T18:20:13 IST" skipped="0">
  <testcase classname="testNG.ParallelTesting" name="openDimension" time="1.418"/>
  <system-out/>
  <testcase classname="testNG.ParallelTesting" name="openGoogle" time="2.601"/>
  <system-out/>
  <testcase classname="testNG.ParallelTesting" name="openBing" time="1.351"/>
  <system-out/>
</testsuite> <!-- testNG.ParallelTesting -->
