<?xml version="1.0" encoding="UTF-8"?>
<!-- Generated by org.testng.reporters.JUnitReportReporter -->
<testsuite hostname="INCBEWRK087" failures="0" tests="2" name="testNG.AnnotationHierarchy" time="0.008" errors="0" timestamp="2024-05-16T18:50:50 IST" skipped="0">
  <testcase classname="testNG.AnnotationHierarchy" name="test2" time="0.003"/>
  <system-out/>
  <testcase classname="testNG.AnnotationHierarchy" name="test" time="0.005"/>
  <system-out/>
</testsuite> <!-- testNG.AnnotationHierarchy -->
