<?xml version="1.0" encoding="UTF-8"?>
<!-- Generated by org.testng.reporters.JUnitReportReporter -->
<testsuite hostname="INCBEWRK087" failures="0" tests="1" name="demoProject.BothCorrect" time="6.919" errors="0" timestamp="2024-05-17T15:04:37 IST" skipped="0">
  <testcase classname="demoProject.BothCorrect" name="loginWithCorrectPassword" time="6.919"/>
  <system-out/>
</testsuite> <!-- demoProject.BothCorrect -->
