<?xml version="1.0" encoding="UTF-8"?>
<!-- Generated by org.testng.reporters.JUnitReportReporter -->
<testsuite hostname="INCBEWRK087" failures="0" tests="1" name="dataDriven.CorrectPassword" time="1.981" errors="0" timestamp="2024-05-17T15:52:31 IST" skipped="0">
  <testcase classname="dataDriven.CorrectPassword" name="loginWithCorrectPassword" time="1.981"/>
  <system-out/>
</testsuite> <!-- dataDriven.CorrectPassword -->
