<?xml version="1.0" encoding="UTF-8"?>
<!-- Generated by org.testng.reporters.JUnitReportReporter -->
<testsuite hostname="INCBEWRK087" failures="0" tests="1" name="selenium.AssertVsVerify" time="0.011" errors="0" timestamp="2024-05-21T10:19:23 IST" skipped="0">
  <testcase classname="selenium.AssertVsVerify" name="testVerify" time="0.011"/>
  <system-out/>
</testsuite> <!-- selenium.AssertVsVerify -->
