<?xml version="1.0" encoding="UTF-8"?>
<!-- Generated by org.testng.reporters.JUnitReportReporter -->
<testsuite hostname="INCBEWRK087" failures="0" tests="3" name="testNG.DependanciesManagement" time="0.016" errors="0" timestamp="2024-05-16T17:25:16 IST" skipped="0">
  <testcase classname="testNG.DependanciesManagement" name="engineering" time="0.002"/>
  <system-out/>
  <testcase classname="testNG.DependanciesManagement" name="higherSecondary" time="0.001"/>
  <system-out/>
  <testcase classname="testNG.DependanciesManagement" name="highSchool" time="0.013"/>
  <system-out/>
</testsuite> <!-- testNG.DependanciesManagement -->
