<?xml version="1.0" encoding="UTF-8"?>
<!-- Generated by org.testng.reporters.JUnitReportReporter -->
<testsuite hostname="INCBEWRK087" failures="0" tests="3" name="extentReportExamples.ExtentReportExample" time="3.512" errors="0" timestamp="2024-05-24T17:35:45 IST" skipped="0">
  <testcase classname="extentReportExamples.ExtentReportExample" name="openWikipedia" time="1.427"/>
  <system-out/>
  <testcase classname="extentReportExamples.ExtentReportExample" name="openGoogle" time="1.343"/>
  <system-out/>
  <testcase classname="extentReportExamples.ExtentReportExample" name="openBing" time="0.742"/>
  <system-out/>
</testsuite> <!-- extentReportExamples.ExtentReportExample -->
